2023-09-17 13:36:19,446 - INFO - Pinged your deployment. You successfully connected to MongoDB!
2023-09-17 13:36:19,590 - INFO - Scrapy 2.10.1 started (bot: scrapybot)
2023-09-17 13:36:19,606 - INFO - Versions: lxml 4.9.3.0, libxml2 2.10.3, cssselect 1.2.0, parsel 1.8.1, w3lib 2.1.2, Twisted 22.10.0, Python 3.11.3 (tags/v3.11.3:f3909b8, Apr  4 2023, 23:49:59) [MSC v.1934 64 bit (AMD64)], pyOpenSSL 23.2.0 (OpenSSL 3.1.2 1 Aug 2023), cryptography 41.0.3, Platform Windows-10-10.0.22621-SP0
2023-09-17 13:36:19,609 - INFO - Enabled addons:
[]
2023-09-17 13:36:19,609 - INFO - Overridden settings:
{}
2023-09-17 13:36:19,638 - WARNING - C:\Users\lucas.belo\OneDrive - CIAL Dun & Bradstreet\Documentos\Python\personal\football_report\venv\venv\Lib\site-packages\scrapy\utils\request.py:248: ScrapyDeprecationWarning: '2.6' is a deprecated value for the 'REQUEST_FINGERPRINTER_IMPLEMENTATION' setting.

It is also the default value. In other words, it is normal to get this warning if you have not defined a value for the 'REQUEST_FINGERPRINTER_IMPLEMENTATION' setting. This is so for backward compatibility reasons, but it will change in a future version of Scrapy.

See the documentation of the 'REQUEST_FINGERPRINTER_IMPLEMENTATION' setting for information on how to handle this deprecation.
  return cls(crawler)

2023-09-17 13:36:19,644 - DEBUG - Using reactor: twisted.internet.selectreactor.SelectReactor
2023-09-17 13:36:19,676 - INFO - Telnet Password: bae98b9ff4745ded
2023-09-17 13:36:19,857 - WARNING - C:\Users\lucas.belo\OneDrive - CIAL Dun & Bradstreet\Documentos\Python\personal\football_report\venv\venv\Lib\site-packages\scrapy\extensions\feedexport.py:398: ScrapyDeprecationWarning: The `FEED_URI` and `FEED_FORMAT` settings have been deprecated in favor of the `FEEDS` setting. Please see the `FEEDS` setting docs for more details
  exporter = cls(crawler)

2023-09-17 13:36:19,872 - INFO - Enabled extensions:
['scrapy.extensions.corestats.CoreStats',
 'scrapy.extensions.telnet.TelnetConsole',
 'scrapy.extensions.feedexport.FeedExporter',
 'scrapy.extensions.logstats.LogStats']
2023-09-17 13:36:20,024 - INFO - Enabled downloader middlewares:
['scrapy.downloadermiddlewares.httpauth.HttpAuthMiddleware',
 'scrapy.downloadermiddlewares.downloadtimeout.DownloadTimeoutMiddleware',
 'scrapy.downloadermiddlewares.defaultheaders.DefaultHeadersMiddleware',
 'scrapy.downloadermiddlewares.useragent.UserAgentMiddleware',
 'scrapy.downloadermiddlewares.retry.RetryMiddleware',
 'scrapy.downloadermiddlewares.redirect.MetaRefreshMiddleware',
 'scrapy.downloadermiddlewares.httpcompression.HttpCompressionMiddleware',
 'scrapy.downloadermiddlewares.redirect.RedirectMiddleware',
 'scrapy.downloadermiddlewares.cookies.CookiesMiddleware',
 'scrapy.downloadermiddlewares.httpproxy.HttpProxyMiddleware',
 'scrapy.downloadermiddlewares.stats.DownloaderStats']
2023-09-17 13:36:20,032 - INFO - Enabled spider middlewares:
['scrapy.spidermiddlewares.httperror.HttpErrorMiddleware',
 'scrapy.spidermiddlewares.offsite.OffsiteMiddleware',
 'scrapy.spidermiddlewares.referer.RefererMiddleware',
 'scrapy.spidermiddlewares.urllength.UrlLengthMiddleware',
 'scrapy.spidermiddlewares.depth.DepthMiddleware']
2023-09-17 13:36:20,032 - INFO - Enabled item pipelines:
[]
2023-09-17 13:36:20,032 - INFO - Spider opened
2023-09-17 13:36:20,064 - INFO - Crawled 0 pages (at 0 pages/min), scraped 0 items (at 0 items/min)
2023-09-17 13:36:20,065 - INFO - Telnet console listening on 127.0.0.1:6023
2023-09-17 13:36:22,338 - DEBUG - Crawled (200) <GET https://www.ogol.com.br/equipa.php?id=2256> (referer: None)
2023-09-17 13:36:22,489 - DEBUG - Scraped from <200 https://www.ogol.com.br/equipa.php?id=2256>
{'season_year': '2023', 'season_matches_data': [{'competition': 'Copa Sul-Americana', 'matches_played': '10', 'wins': '7', 'draws': '1', 'losses': '2', 'goals': '17-3'}, {'competition': 'Brasileirão', 'matches_played': '22', 'wins': '7', 'draws': '7', 'losses': '8', 'goals': '26-23'}, {'competition': 'Copa do Brasil', 'matches_played': '8', 'wins': '5', 'draws': '1', 'losses': '2', 'goals': '10-6'}, {'competition': 'Campeonato Paulista ', 'matches_played': '13', 'wins': '7', 'draws': '3', 'losses': '3', 'goals': '23-10'}, {'competition': 'Total', 'matches_played': '53', 'wins': '26', 'draws': '12', 'losses': '15', 'goals': '76-42'}], 'competition_data': [{'competition': 'Campeonato Paulista 2023', 'Position': 'QF'}, {'competition': 'Campeonato Brasileiro 2023', 'Position': '13º'}, {'competition': 'Copa do Brasil 2023', 'Position': 'F'}, {'competition': 'Copa Sul-Americana 2023', 'Position': 'QF'}], 'current_matches_data': [{'date': '24/09', 'hour': '16:00', 'league': 'CB', 'home_team': 'São Paulo', 'score_vs': 'vs', 'away_team': 'Flamengo'}, {'date': '20/09', 'hour': '21:30', 'league': 'D1', 'home_team': 'São Paulo', 'score_vs': 'vs', 'away_team': 'Fortaleza'}, {'date': '17/09', 'hour': '16:00', 'league': 'CB', 'home_team': 'Flamengo', 'score_vs': 'vs', 'away_team': 'São Paulo'}, {'date': '13/09', 'hour': '21:30', 'league': 'D1', 'home_team': 'Internacional', 'score_vs': '2-1', 'away_team': 'São Paulo'}, {'date': '31/08', 'hour': '19:00', 'league': 'CS', 'home_team': 'São Paulo', 'score_vs': '1-0', 'away_team': 'LDU Quito'}, {'date': '27/08', 'hour': '16:00', 'league': 'D1', 'home_team': 'América Mineiro', 'score_vs': '2-1', 'away_team': 'São Paulo'}]}
2023-09-17 13:36:22,491 - INFO - Closing spider (finished)
2023-09-17 13:36:22,492 - INFO - Stored json feed (1 items) in: src/web_scraper/real_time_data_scraper/team_data.json
2023-09-17 13:36:22,492 - INFO - Dumping Scrapy stats:
{'downloader/request_bytes': 234,
 'downloader/request_count': 1,
 'downloader/request_method_count/GET': 1,
 'downloader/response_bytes': 46923,
 'downloader/response_count': 1,
 'downloader/response_status_count/200': 1,
 'elapsed_time_seconds': 2.427428,
 'feedexport/success_count/FileFeedStorage': 1,
 'finish_reason': 'finished',
 'finish_time': datetime.datetime(2023, 9, 17, 16, 36, 22, 492077),
 'httpcompression/response_bytes': 392284,
 'httpcompression/response_count': 1,
 'item_scraped_count': 1,
 'log_count/DEBUG': 3,
 'log_count/INFO': 11,
 'log_count/WARNING': 2,
 'response_received_count': 1,
 'scheduler/dequeued': 1,
 'scheduler/dequeued/memory': 1,
 'scheduler/enqueued': 1,
 'scheduler/enqueued/memory': 1,
 'start_time': datetime.datetime(2023, 9, 17, 16, 36, 20, 64649)}
2023-09-17 13:36:22,493 - INFO - Spider closed (finished)
