2023-09-19 11:55:40,768 - INFO - Pinged your deployment. You successfully connected to MongoDB!
2023-09-19 11:55:40,768 - INFO - Connected to the database
2023-09-19 11:55:57,268 - INFO - Pinged your deployment. You successfully connected to MongoDB!
2023-09-19 11:55:57,268 - INFO - Connected to the database
2023-09-19 11:55:58,255 - INFO - The file 'src/web_scraper/real_time_data_scraper/team_data.json' has been successfully deleted.
2023-09-19 11:55:59,686 - INFO - Pinged your deployment. You successfully connected to MongoDB!
2023-09-19 11:55:59,686 - INFO - Connected to the database
2023-09-19 11:55:59,819 - INFO - Starting the ogol_spider runner
2023-09-19 11:55:59,824 - INFO - Scrapy 2.10.1 started (bot: scrapybot)
2023-09-19 11:55:59,859 - INFO - Versions: lxml 4.9.3.0, libxml2 2.10.3, cssselect 1.2.0, parsel 1.8.1, w3lib 2.1.2, Twisted 22.10.0, Python 3.11.3 (tags/v3.11.3:f3909b8, Apr  4 2023, 23:49:59) [MSC v.1934 64 bit (AMD64)], pyOpenSSL 23.2.0 (OpenSSL 3.1.2 1 Aug 2023), cryptography 41.0.3, Platform Windows-10-10.0.22621-SP0
2023-09-19 11:55:59,862 - INFO - Enabled addons:
[]
2023-09-19 11:55:59,862 - INFO - Overridden settings:
{}
2023-09-19 11:55:59,880 - WARNING - C:\Users\lucas.belo\OneDrive - CIAL Dun & Bradstreet\Documentos\Python\personal\football_report\venv\venv\Lib\site-packages\scrapy\utils\request.py:248: ScrapyDeprecationWarning: '2.6' is a deprecated value for the 'REQUEST_FINGERPRINTER_IMPLEMENTATION' setting.

It is also the default value. In other words, it is normal to get this warning if you have not defined a value for the 'REQUEST_FINGERPRINTER_IMPLEMENTATION' setting. This is so for backward compatibility reasons, but it will change in a future version of Scrapy.

See the documentation of the 'REQUEST_FINGERPRINTER_IMPLEMENTATION' setting for information on how to handle this deprecation.
  return cls(crawler)

2023-09-19 11:55:59,891 - DEBUG - Using reactor: twisted.internet.selectreactor.SelectReactor
2023-09-19 11:55:59,966 - INFO - Telnet Password: b1c2ffc8738bf24a
2023-09-19 11:56:00,218 - WARNING - C:\Users\lucas.belo\OneDrive - CIAL Dun & Bradstreet\Documentos\Python\personal\football_report\venv\venv\Lib\site-packages\scrapy\extensions\feedexport.py:398: ScrapyDeprecationWarning: The `FEED_URI` and `FEED_FORMAT` settings have been deprecated in favor of the `FEEDS` setting. Please see the `FEEDS` setting docs for more details
  exporter = cls(crawler)

2023-09-19 11:56:00,238 - INFO - Enabled extensions:
['scrapy.extensions.corestats.CoreStats',
 'scrapy.extensions.telnet.TelnetConsole',
 'scrapy.extensions.feedexport.FeedExporter',
 'scrapy.extensions.logstats.LogStats']
2023-09-19 11:56:00,434 - INFO - Enabled downloader middlewares:
['scrapy.downloadermiddlewares.httpauth.HttpAuthMiddleware',
 'scrapy.downloadermiddlewares.downloadtimeout.DownloadTimeoutMiddleware',
 'scrapy.downloadermiddlewares.defaultheaders.DefaultHeadersMiddleware',
 'scrapy.downloadermiddlewares.useragent.UserAgentMiddleware',
 'scrapy.downloadermiddlewares.retry.RetryMiddleware',
 'scrapy.downloadermiddlewares.redirect.MetaRefreshMiddleware',
 'scrapy.downloadermiddlewares.httpcompression.HttpCompressionMiddleware',
 'scrapy.downloadermiddlewares.redirect.RedirectMiddleware',
 'scrapy.downloadermiddlewares.cookies.CookiesMiddleware',
 'scrapy.downloadermiddlewares.httpproxy.HttpProxyMiddleware',
 'scrapy.downloadermiddlewares.stats.DownloaderStats']
2023-09-19 11:56:00,445 - INFO - Enabled spider middlewares:
['scrapy.spidermiddlewares.httperror.HttpErrorMiddleware',
 'scrapy.spidermiddlewares.offsite.OffsiteMiddleware',
 'scrapy.spidermiddlewares.referer.RefererMiddleware',
 'scrapy.spidermiddlewares.urllength.UrlLengthMiddleware',
 'scrapy.spidermiddlewares.depth.DepthMiddleware']
2023-09-19 11:56:00,446 - INFO - Enabled item pipelines:
[]
2023-09-19 11:56:00,446 - INFO - Spider opened
2023-09-19 11:56:00,486 - INFO - Crawled 0 pages (at 0 pages/min), scraped 0 items (at 0 items/min)
2023-09-19 11:56:00,489 - INFO - Telnet console listening on 127.0.0.1:6023
2023-09-19 11:56:02,396 - DEBUG - Crawled (200) <GET https://www.ogol.com.br/equipa.php?id=2234> (referer: None)
2023-09-19 11:56:02,509 - INFO - Starting the ogol_spider
2023-09-19 11:56:02,550 - INFO - Season Matches Data was successfully scraped
2023-09-19 11:56:02,558 - INFO - Competition data was successfully scraped
2023-09-19 11:56:02,562 - INFO - Current Matches Data was successfully scraped!
2023-09-19 11:56:02,563 - DEBUG - Scraped from <200 https://www.ogol.com.br/equipa.php?id=2234>
{'season_year': '2023', 'season_matches_data': [{'competition': 'Copa Sul-Americana', 'matches_played': '6', 'wins': '4', 'draws': '1', 'losses': '1', 'goals': '6-3'}, {'competition': 'Libertadores', 'matches_played': '6', 'wins': '2', 'draws': '1', 'losses': '3', 'goals': '7-6'}, {'competition': 'Brasileirão', 'matches_played': '23', 'wins': '6', 'draws': '9', 'losses': '8', 'goals': '27-29'}, {'competition': 'Copa do Brasil', 'matches_played': '8', 'wins': '4', 'draws': '0', 'losses': '4', 'goals': '9-10'}, {'competition': 'Campeonato Paulista ', 'matches_played': '13', 'wins': '6', 'draws': '5', 'losses': '2', 'goals': '20-11'}, {'competition': 'Total', 'matches_played': '56', 'wins': '22', 'draws': '16', 'losses': '18', 'goals': '69-59'}], 'competition_data': [{'competition': 'Campeonato Paulista 2023', 'Position': 'QF'}, {'competition': 'Campeonato Brasileiro 2023', 'Position': '14º'}, {'competition': 'Copa do Brasil 2023', 'Position': 'SF'}, {'competition': 'Copa Sul-Americana 2023', 'Position': 'SF'}, {'competition': 'Copa Libertadores 2023', 'Position': 'FG'}], 'current_matches_data': [{'date': '30/09', 'hour': '18:30', 'league': 'D1', 'home_team': 'São Paulo', 'score_vs': 'vs', 'away_team': 'Corinthians'}, {'date': '26/09', 'hour': '21:30', 'league': 'CS', 'home_team': None, 'score_vs': 'vs', 'away_team': 'Fortaleza'}, {'date': '22/09', 'hour': '20:00', 'league': 'D1', 'home_team': 'Corinthians', 'score_vs': 'vs', 'away_team': 'Botafogo'}, {'date': '18/09', 'hour': '21:00', 'league': 'D1', 'home_team': 'Corinthians', 'score_vs': '4-4', 'away_team': 'Grêmio'}, {'date': '14/09', 'hour': '19:00', 'league': 'D1', 'home_team': 'Fortaleza', 'score_vs': '2-1', 'away_team': 'Corinthians'}, {'date': '03/09', 'hour': '16:00', 'league': 'D1', 'home_team': 'Corinthians', 'score_vs': '0-0', 'away_team': 'Palmeiras'}]}
2023-09-19 11:56:02,563 - INFO - ogol_spider successfully executed, data scraped!
2023-09-19 11:56:02,564 - INFO - Closing spider (finished)
2023-09-19 11:56:02,566 - INFO - Stored json feed (1 items) in: src/web_scraper/real_time_data_scraper/team_data.json
2023-09-19 11:56:02,566 - INFO - Dumping Scrapy stats:
{'downloader/request_bytes': 234,
 'downloader/request_count': 1,
 'downloader/request_method_count/GET': 1,
 'downloader/response_bytes': 47346,
 'downloader/response_count': 1,
 'downloader/response_status_count/200': 1,
 'elapsed_time_seconds': 2.078372,
 'feedexport/success_count/FileFeedStorage': 1,
 'finish_reason': 'finished',
 'finish_time': datetime.datetime(2023, 9, 19, 14, 56, 2, 564997),
 'httpcompression/response_bytes': 399794,
 'httpcompression/response_count': 1,
 'item_scraped_count': 1,
 'log_count/DEBUG': 3,
 'log_count/INFO': 16,
 'log_count/WARNING': 2,
 'response_received_count': 1,
 'scheduler/dequeued': 1,
 'scheduler/dequeued/memory': 1,
 'scheduler/enqueued': 1,
 'scheduler/enqueued/memory': 1,
 'start_time': datetime.datetime(2023, 9, 19, 14, 56, 0, 486625)}
2023-09-19 11:56:02,566 - INFO - Spider closed (finished)
2023-09-19 11:56:02,579 - INFO - Jsons successfully combined
2023-09-19 11:56:02,600 - INFO - Json data successfully processed and HTML rendered
