2023-09-22 13:34:16,109 - INFO - The file 'src/web_scraper/real_time_data_scraper/team_data.json' has been successfully deleted.
2023-09-22 13:35:05,423 - INFO - The file 'src/web_scraper/real_time_data_scraper/team_data.json' has been successfully deleted.
2023-09-22 13:51:22,143 - INFO - The file 'src/web_scraper/real_time_data_scraper/team_data.json' has been successfully deleted.
2023-09-22 13:51:52,062 - INFO - The file 'src/web_scraper/real_time_data_scraper/team_data.json' has been successfully deleted.
2023-09-22 13:51:57,892 - INFO - The file 'src/web_scraper/real_time_data_scraper/team_data.json' has been successfully deleted.
2023-09-22 13:52:20,955 - INFO - The file 'src/web_scraper/real_time_data_scraper/team_data.json' has been successfully deleted.
2023-09-22 13:56:02,273 - INFO - The file 'src/web_scraper/real_time_data_scraper/team_data.json' has been successfully deleted.
2023-09-22 13:56:49,437 - INFO - The file 'src/web_scraper/real_time_data_scraper/team_data.json' has been successfully deleted.
2023-09-22 13:57:03,470 - INFO - The file 'src/web_scraper/real_time_data_scraper/team_data.json' has been successfully deleted.
2023-09-22 13:57:09,646 - INFO - The file 'src/web_scraper/real_time_data_scraper/team_data.json' has been successfully deleted.
2023-09-22 13:58:08,100 - INFO - The file 'src/web_scraper/real_time_data_scraper/team_data.json' has been successfully deleted.
2023-09-22 13:58:12,095 - INFO - The file 'src/web_scraper/real_time_data_scraper/team_data.json' has been successfully deleted.
2023-09-22 14:01:06,168 - INFO - The file 'src/web_scraper/real_time_data_scraper/team_data.json' has been successfully deleted.
2023-09-22 15:42:09,399 - INFO - The file 'src/web_scraper/real_time_data_scraper/team_data.json' has been successfully deleted.
2023-09-22 15:42:58,584 - INFO - The file 'src/web_scraper/real_time_data_scraper/team_data.json' has been successfully deleted.
2023-09-22 15:45:08,175 - INFO - The file 'src/web_scraper/real_time_data_scraper/team_data.json' has been successfully deleted.
2023-09-22 15:46:37,756 - INFO - The file 'src/web_scraper/real_time_data_scraper/team_data.json' has been successfully deleted.
2023-09-22 16:25:48,387 - INFO - The file 'src/web_scraper/real_time_data_scraper/team_data.json' has been successfully deleted.
2023-09-22 16:28:28,786 - INFO - The file 'src/web_scraper/real_time_data_scraper/team_data.json' has been successfully deleted.
2023-09-22 16:28:52,027 - INFO - Pinged your deployment. You successfully connected to MongoDB!
2023-09-22 16:28:52,027 - INFO - Connected to the database
2023-09-22 16:28:52,442 - INFO - Starting the ogol_spider runner
2023-09-22 16:28:52,442 - INFO - Scrapy 2.10.1 started (bot: scrapybot)
2023-09-22 16:28:52,460 - INFO - Versions: lxml 4.9.3.0, libxml2 2.10.3, cssselect 1.2.0, parsel 1.8.1, w3lib 2.1.2, Twisted 22.10.0, Python 3.11.3 (tags/v3.11.3:f3909b8, Apr  4 2023, 23:49:59) [MSC v.1934 64 bit (AMD64)], pyOpenSSL 23.2.0 (OpenSSL 3.1.2 1 Aug 2023), cryptography 41.0.3, Platform Windows-10-10.0.22621-SP0
2023-09-22 16:28:52,460 - INFO - Enabled addons:
[]
2023-09-22 16:28:52,460 - INFO - Overridden settings:
{}
2023-09-22 16:28:52,460 - WARNING - C:\Users\lucas.belo\OneDrive - CIAL Dun & Bradstreet\Documentos\Python\personal\football_report\venv\venv\Lib\site-packages\scrapy\utils\request.py:248: ScrapyDeprecationWarning: '2.6' is a deprecated value for the 'REQUEST_FINGERPRINTER_IMPLEMENTATION' setting.

It is also the default value. In other words, it is normal to get this warning if you have not defined a value for the 'REQUEST_FINGERPRINTER_IMPLEMENTATION' setting. This is so for backward compatibility reasons, but it will change in a future version of Scrapy.

See the documentation of the 'REQUEST_FINGERPRINTER_IMPLEMENTATION' setting for information on how to handle this deprecation.
  return cls(crawler)

2023-09-22 16:28:52,476 - DEBUG - Using reactor: twisted.internet.selectreactor.SelectReactor
2023-09-22 16:28:52,512 - INFO - Telnet Password: db1b944ec9fde1a7
2023-09-22 16:28:52,612 - WARNING - C:\Users\lucas.belo\OneDrive - CIAL Dun & Bradstreet\Documentos\Python\personal\football_report\venv\venv\Lib\site-packages\scrapy\extensions\feedexport.py:398: ScrapyDeprecationWarning: The `FEED_URI` and `FEED_FORMAT` settings have been deprecated in favor of the `FEEDS` setting. Please see the `FEEDS` setting docs for more details
  exporter = cls(crawler)

2023-09-22 16:28:52,633 - INFO - Enabled extensions:
['scrapy.extensions.corestats.CoreStats',
 'scrapy.extensions.telnet.TelnetConsole',
 'scrapy.extensions.feedexport.FeedExporter',
 'scrapy.extensions.logstats.LogStats']
2023-09-22 16:28:52,810 - INFO - Enabled downloader middlewares:
['scrapy.downloadermiddlewares.httpauth.HttpAuthMiddleware',
 'scrapy.downloadermiddlewares.downloadtimeout.DownloadTimeoutMiddleware',
 'scrapy.downloadermiddlewares.defaultheaders.DefaultHeadersMiddleware',
 'scrapy.downloadermiddlewares.useragent.UserAgentMiddleware',
 'scrapy.downloadermiddlewares.retry.RetryMiddleware',
 'scrapy.downloadermiddlewares.redirect.MetaRefreshMiddleware',
 'scrapy.downloadermiddlewares.httpcompression.HttpCompressionMiddleware',
 'scrapy.downloadermiddlewares.redirect.RedirectMiddleware',
 'scrapy.downloadermiddlewares.cookies.CookiesMiddleware',
 'scrapy.downloadermiddlewares.httpproxy.HttpProxyMiddleware',
 'scrapy.downloadermiddlewares.stats.DownloaderStats']
2023-09-22 16:28:52,818 - INFO - Enabled spider middlewares:
['scrapy.spidermiddlewares.httperror.HttpErrorMiddleware',
 'scrapy.spidermiddlewares.offsite.OffsiteMiddleware',
 'scrapy.spidermiddlewares.referer.RefererMiddleware',
 'scrapy.spidermiddlewares.urllength.UrlLengthMiddleware',
 'scrapy.spidermiddlewares.depth.DepthMiddleware']
2023-09-22 16:28:52,825 - INFO - Enabled item pipelines:
[]
2023-09-22 16:28:52,825 - INFO - Spider opened
2023-09-22 16:28:52,858 - INFO - Crawled 0 pages (at 0 pages/min), scraped 0 items (at 0 items/min)
2023-09-22 16:28:52,860 - INFO - Telnet console listening on 127.0.0.1:6023
2023-09-22 16:28:54,305 - DEBUG - Crawled (200) <GET https://www.ogol.com.br/equipa.php?id=2234> (referer: None)
2023-09-22 16:28:54,409 - INFO - Starting the ogol_spider
2023-09-22 16:28:54,460 - INFO - Season Matches Data was successfully scraped
2023-09-22 16:28:54,460 - INFO - Competition data was successfully scraped
2023-09-22 16:28:54,476 - INFO - Current Matches Data was successfully scraped!
2023-09-22 16:28:54,476 - DEBUG - Scraped from <200 https://www.ogol.com.br/equipa.php?id=2234>
{'season_year': '2023', 'season_matches_data': [{'competition': 'Copa Sul-Americana', 'matches_played': '6', 'wins': '4', 'draws': '1', 'losses': '1', 'goals': '6-3'}, {'competition': 'Libertadores', 'matches_played': '6', 'wins': '2', 'draws': '1', 'losses': '3', 'goals': '7-6'}, {'competition': 'Brasileirão', 'matches_played': '23', 'wins': '6', 'draws': '9', 'losses': '8', 'goals': '27-29'}, {'competition': 'Copa do Brasil', 'matches_played': '8', 'wins': '4', 'draws': '0', 'losses': '4', 'goals': '9-10'}, {'competition': 'Campeonato Paulista ', 'matches_played': '13', 'wins': '6', 'draws': '5', 'losses': '2', 'goals': '20-11'}, {'competition': 'Total', 'matches_played': '56', 'wins': '22', 'draws': '16', 'losses': '18', 'goals': '69-59'}], 'competition_data': [{'competition': 'Campeonato Paulista 2023', 'Position': 'QF'}, {'competition': 'Campeonato Brasileiro 2023', 'Position': '14º'}, {'competition': 'Copa do Brasil 2023', 'Position': 'SF'}, {'competition': 'Copa Sul-Americana 2023', 'Position': 'SF'}, {'competition': 'Copa Libertadores 2023', 'Position': 'FG'}], 'current_matches_data': [{'date': '30/09', 'hour': '18:30', 'league': 'D1', 'home_team': 'São Paulo', 'score_vs': 'vs', 'away_team': 'Corinthians'}, {'date': '26/09', 'hour': '21:30', 'league': 'CS', 'home_team': None, 'score_vs': 'vs', 'away_team': 'Fortaleza'}, {'date': '22/09', 'hour': '20:00', 'league': 'D1', 'home_team': 'Corinthians', 'score_vs': 'vs', 'away_team': 'Botafogo'}, {'date': '18/09', 'hour': '21:00', 'league': 'D1', 'home_team': 'Corinthians', 'score_vs': '4-4', 'away_team': 'Grêmio'}, {'date': '14/09', 'hour': '19:00', 'league': 'D1', 'home_team': 'Fortaleza', 'score_vs': '2-1', 'away_team': 'Corinthians'}, {'date': '03/09', 'hour': '16:00', 'league': 'D1', 'home_team': 'Corinthians', 'score_vs': '0-0', 'away_team': 'Palmeiras'}]}
2023-09-22 16:28:54,476 - INFO - ogol_spider successfully executed, data scraped!
2023-09-22 16:28:54,476 - INFO - Closing spider (finished)
2023-09-22 16:28:54,476 - INFO - Stored json feed (1 items) in: src/web_scraper/real_time_data_scraper/team_data.json
2023-09-22 16:28:54,476 - INFO - Dumping Scrapy stats:
{'downloader/request_bytes': 234,
 'downloader/request_count': 1,
 'downloader/request_method_count/GET': 1,
 'downloader/response_bytes': 53371,
 'downloader/response_count': 1,
 'downloader/response_status_count/200': 1,
 'elapsed_time_seconds': 1.632886,
 'feedexport/success_count/FileFeedStorage': 1,
 'finish_reason': 'finished',
 'finish_time': datetime.datetime(2023, 9, 22, 19, 28, 54, 476267),
 'httpcompression/response_bytes': 464583,
 'httpcompression/response_count': 1,
 'item_scraped_count': 1,
 'log_count/DEBUG': 3,
 'log_count/INFO': 16,
 'log_count/WARNING': 2,
 'response_received_count': 1,
 'scheduler/dequeued': 1,
 'scheduler/dequeued/memory': 1,
 'scheduler/enqueued': 1,
 'scheduler/enqueued/memory': 1,
 'start_time': datetime.datetime(2023, 9, 22, 19, 28, 52, 843381)}
2023-09-22 16:28:54,491 - INFO - Spider closed (finished)
2023-09-22 16:28:54,494 - INFO - Jsons successfully combined
2023-09-22 16:28:54,510 - INFO - Json data successfully processed and HTML rendered
2023-09-22 16:28:54,510 - INFO - The report was successfully generated
2023-09-22 16:30:49,068 - DEBUG - Peer did not staple an OCSP response
2023-09-22 16:30:49,068 - DEBUG - No authority access information, soft fail
2023-09-22 16:30:49,073 - DEBUG - Peer did not staple an OCSP response
2023-09-22 16:30:49,073 - DEBUG - No authority access information, soft fail
2023-09-22 16:30:49,073 - DEBUG - Peer did not staple an OCSP response
2023-09-22 16:30:49,073 - DEBUG - No authority access information, soft fail
2023-09-22 16:30:49,495 - DEBUG - Peer did not staple an OCSP response
2023-09-22 16:30:49,495 - DEBUG - No authority access information, soft fail
2023-09-22 16:30:49,512 - DEBUG - Peer did not staple an OCSP response
2023-09-22 16:30:49,513 - DEBUG - No authority access information, soft fail
2023-09-22 16:30:49,513 - DEBUG - Peer did not staple an OCSP response
2023-09-22 16:30:49,514 - DEBUG - No authority access information, soft fail
2023-09-22 16:30:49,521 - DEBUG - Peer did not staple an OCSP response
2023-09-22 16:30:49,521 - DEBUG - No authority access information, soft fail
2023-09-22 16:30:50,313 - INFO - Pinged your deployment. You successfully connected to MongoDB!
2023-09-22 16:30:50,313 - INFO - Connected to the database
2023-09-22 16:30:50,445 - INFO - Starting the ogol_spider runner
2023-09-22 16:30:50,445 - INFO - Scrapy 2.10.1 started (bot: scrapybot)
2023-09-22 16:30:50,445 - INFO - Versions: lxml 4.9.3.0, libxml2 2.10.3, cssselect 1.2.0, parsel 1.8.1, w3lib 2.1.2, Twisted 22.10.0, Python 3.11.3 (tags/v3.11.3:f3909b8, Apr  4 2023, 23:49:59) [MSC v.1934 64 bit (AMD64)], pyOpenSSL 23.2.0 (OpenSSL 3.1.2 1 Aug 2023), cryptography 41.0.3, Platform Windows-10-10.0.22621-SP0
2023-09-22 16:30:50,445 - INFO - Enabled addons:
[]
2023-09-22 16:30:50,458 - INFO - Overridden settings:
{}
2023-09-22 16:30:50,458 - DEBUG - Using reactor: twisted.internet.selectreactor.SelectReactor
2023-09-22 16:30:50,458 - INFO - Telnet Password: c9f5a2d891746150
2023-09-22 16:30:50,460 - INFO - Enabled extensions:
['scrapy.extensions.corestats.CoreStats',
 'scrapy.extensions.telnet.TelnetConsole',
 'scrapy.extensions.feedexport.FeedExporter',
 'scrapy.extensions.logstats.LogStats']
2023-09-22 16:30:50,467 - INFO - Enabled downloader middlewares:
['scrapy.downloadermiddlewares.httpauth.HttpAuthMiddleware',
 'scrapy.downloadermiddlewares.downloadtimeout.DownloadTimeoutMiddleware',
 'scrapy.downloadermiddlewares.defaultheaders.DefaultHeadersMiddleware',
 'scrapy.downloadermiddlewares.useragent.UserAgentMiddleware',
 'scrapy.downloadermiddlewares.retry.RetryMiddleware',
 'scrapy.downloadermiddlewares.redirect.MetaRefreshMiddleware',
 'scrapy.downloadermiddlewares.httpcompression.HttpCompressionMiddleware',
 'scrapy.downloadermiddlewares.redirect.RedirectMiddleware',
 'scrapy.downloadermiddlewares.cookies.CookiesMiddleware',
 'scrapy.downloadermiddlewares.httpproxy.HttpProxyMiddleware',
 'scrapy.downloadermiddlewares.stats.DownloaderStats']
2023-09-22 16:30:50,467 - INFO - Enabled spider middlewares:
['scrapy.spidermiddlewares.httperror.HttpErrorMiddleware',
 'scrapy.spidermiddlewares.offsite.OffsiteMiddleware',
 'scrapy.spidermiddlewares.referer.RefererMiddleware',
 'scrapy.spidermiddlewares.urllength.UrlLengthMiddleware',
 'scrapy.spidermiddlewares.depth.DepthMiddleware']
2023-09-22 16:30:50,479 - INFO - Enabled item pipelines:
[]
2023-09-22 16:30:50,482 - INFO - Spider opened
2023-09-22 16:30:50,482 - INFO - Crawled 0 pages (at 0 pages/min), scraped 0 items (at 0 items/min)
2023-09-22 16:30:50,482 - INFO - Telnet console listening on 127.0.0.1:6023
2023-09-22 16:30:50,482 - ERROR - An error occurred trying to run the ogol_spider: 
2023-09-22 16:30:50,482 - INFO - Jsons successfully combined
2023-09-22 16:30:50,507 - INFO - Json data successfully processed and HTML rendered
2023-09-22 16:30:50,508 - INFO - The report was successfully generated
2023-09-22 16:32:36,643 - INFO - Received SIGINT, shutting down gracefully. Send again to force 
2023-09-22 16:32:38,702 - DEBUG - Peer did not staple an OCSP response
2023-09-22 16:32:38,702 - DEBUG - No authority access information, soft fail
2023-09-22 16:32:38,717 - DEBUG - Peer did not staple an OCSP response
2023-09-22 16:32:38,717 - DEBUG - No authority access information, soft fail
2023-09-22 16:32:38,718 - DEBUG - Peer did not staple an OCSP response
2023-09-22 16:32:38,718 - DEBUG - No authority access information, soft fail
2023-09-22 16:32:39,143 - DEBUG - Peer did not staple an OCSP response
2023-09-22 16:32:39,144 - DEBUG - No authority access information, soft fail
2023-09-22 16:32:39,149 - DEBUG - Peer did not staple an OCSP response
2023-09-22 16:32:39,150 - DEBUG - No authority access information, soft fail
2023-09-22 16:32:39,157 - DEBUG - Peer did not staple an OCSP response
2023-09-22 16:32:39,157 - DEBUG - No authority access information, soft fail
2023-09-22 16:32:39,161 - DEBUG - Peer did not staple an OCSP response
2023-09-22 16:32:39,161 - DEBUG - No authority access information, soft fail
2023-09-22 16:32:39,961 - INFO - Pinged your deployment. You successfully connected to MongoDB!
2023-09-22 16:32:39,961 - INFO - Connected to the database
2023-09-22 16:32:40,096 - INFO - Starting the ogol_spider runner
2023-09-22 16:32:40,100 - INFO - Scrapy 2.10.1 started (bot: scrapybot)
2023-09-22 16:32:40,100 - INFO - Versions: lxml 4.9.3.0, libxml2 2.10.3, cssselect 1.2.0, parsel 1.8.1, w3lib 2.1.2, Twisted 22.10.0, Python 3.11.3 (tags/v3.11.3:f3909b8, Apr  4 2023, 23:49:59) [MSC v.1934 64 bit (AMD64)], pyOpenSSL 23.2.0 (OpenSSL 3.1.2 1 Aug 2023), cryptography 41.0.3, Platform Windows-10-10.0.22621-SP0
2023-09-22 16:32:40,103 - INFO - Enabled addons:
[]
2023-09-22 16:32:40,104 - INFO - Overridden settings:
{}
2023-09-22 16:32:40,105 - DEBUG - Using reactor: twisted.internet.selectreactor.SelectReactor
2023-09-22 16:32:40,105 - INFO - Telnet Password: 792288d9b98cd06e
2023-09-22 16:32:40,107 - INFO - Enabled extensions:
['scrapy.extensions.corestats.CoreStats',
 'scrapy.extensions.telnet.TelnetConsole',
 'scrapy.extensions.feedexport.FeedExporter',
 'scrapy.extensions.logstats.LogStats']
2023-09-22 16:32:40,108 - INFO - Enabled downloader middlewares:
['scrapy.downloadermiddlewares.httpauth.HttpAuthMiddleware',
 'scrapy.downloadermiddlewares.downloadtimeout.DownloadTimeoutMiddleware',
 'scrapy.downloadermiddlewares.defaultheaders.DefaultHeadersMiddleware',
 'scrapy.downloadermiddlewares.useragent.UserAgentMiddleware',
 'scrapy.downloadermiddlewares.retry.RetryMiddleware',
 'scrapy.downloadermiddlewares.redirect.MetaRefreshMiddleware',
 'scrapy.downloadermiddlewares.httpcompression.HttpCompressionMiddleware',
 'scrapy.downloadermiddlewares.redirect.RedirectMiddleware',
 'scrapy.downloadermiddlewares.cookies.CookiesMiddleware',
 'scrapy.downloadermiddlewares.httpproxy.HttpProxyMiddleware',
 'scrapy.downloadermiddlewares.stats.DownloaderStats']
2023-09-22 16:32:40,109 - INFO - Enabled spider middlewares:
['scrapy.spidermiddlewares.httperror.HttpErrorMiddleware',
 'scrapy.spidermiddlewares.offsite.OffsiteMiddleware',
 'scrapy.spidermiddlewares.referer.RefererMiddleware',
 'scrapy.spidermiddlewares.urllength.UrlLengthMiddleware',
 'scrapy.spidermiddlewares.depth.DepthMiddleware']
2023-09-22 16:32:40,109 - INFO - Enabled item pipelines:
[]
2023-09-22 16:32:40,109 - INFO - Spider opened
2023-09-22 16:32:40,110 - INFO - Crawled 0 pages (at 0 pages/min), scraped 0 items (at 0 items/min)
2023-09-22 16:32:40,111 - INFO - Telnet console listening on 127.0.0.1:6024
2023-09-22 16:32:40,113 - ERROR - An error occurred trying to run the ogol_spider: 
2023-09-22 16:32:40,121 - INFO - Jsons successfully combined
2023-09-22 16:32:40,150 - INFO - Json data successfully processed and HTML rendered
2023-09-22 16:32:40,152 - INFO - The report was successfully generated
2023-09-22 16:34:53,026 - INFO - The file 'src/web_scraper/real_time_data_scraper/team_data.json' has been successfully deleted.
2023-09-22 16:34:58,424 - INFO - Pinged your deployment. You successfully connected to MongoDB!
2023-09-22 16:34:58,426 - INFO - Connected to the database
2023-09-22 16:34:58,569 - INFO - Starting the ogol_spider runner
2023-09-22 16:34:58,573 - INFO - Scrapy 2.10.1 started (bot: scrapybot)
2023-09-22 16:34:58,586 - INFO - Versions: lxml 4.9.3.0, libxml2 2.10.3, cssselect 1.2.0, parsel 1.8.1, w3lib 2.1.2, Twisted 22.10.0, Python 3.11.3 (tags/v3.11.3:f3909b8, Apr  4 2023, 23:49:59) [MSC v.1934 64 bit (AMD64)], pyOpenSSL 23.2.0 (OpenSSL 3.1.2 1 Aug 2023), cryptography 41.0.3, Platform Windows-10-10.0.22621-SP0
2023-09-22 16:34:58,588 - INFO - Enabled addons:
[]
2023-09-22 16:34:58,588 - INFO - Overridden settings:
{}
2023-09-22 16:34:58,610 - WARNING - C:\Users\lucas.belo\OneDrive - CIAL Dun & Bradstreet\Documentos\Python\personal\football_report\venv\venv\Lib\site-packages\scrapy\utils\request.py:248: ScrapyDeprecationWarning: '2.6' is a deprecated value for the 'REQUEST_FINGERPRINTER_IMPLEMENTATION' setting.

It is also the default value. In other words, it is normal to get this warning if you have not defined a value for the 'REQUEST_FINGERPRINTER_IMPLEMENTATION' setting. This is so for backward compatibility reasons, but it will change in a future version of Scrapy.

See the documentation of the 'REQUEST_FINGERPRINTER_IMPLEMENTATION' setting for information on how to handle this deprecation.
  return cls(crawler)

2023-09-22 16:34:58,618 - DEBUG - Using reactor: twisted.internet.selectreactor.SelectReactor
2023-09-22 16:34:58,648 - INFO - Telnet Password: 2f56c80e001becf5
2023-09-22 16:34:58,796 - WARNING - C:\Users\lucas.belo\OneDrive - CIAL Dun & Bradstreet\Documentos\Python\personal\football_report\venv\venv\Lib\site-packages\scrapy\extensions\feedexport.py:398: ScrapyDeprecationWarning: The `FEED_URI` and `FEED_FORMAT` settings have been deprecated in favor of the `FEEDS` setting. Please see the `FEEDS` setting docs for more details
  exporter = cls(crawler)

2023-09-22 16:34:58,804 - INFO - Enabled extensions:
['scrapy.extensions.corestats.CoreStats',
 'scrapy.extensions.telnet.TelnetConsole',
 'scrapy.extensions.feedexport.FeedExporter',
 'scrapy.extensions.logstats.LogStats']
2023-09-22 16:34:58,918 - INFO - Enabled downloader middlewares:
['scrapy.downloadermiddlewares.httpauth.HttpAuthMiddleware',
 'scrapy.downloadermiddlewares.downloadtimeout.DownloadTimeoutMiddleware',
 'scrapy.downloadermiddlewares.defaultheaders.DefaultHeadersMiddleware',
 'scrapy.downloadermiddlewares.useragent.UserAgentMiddleware',
 'scrapy.downloadermiddlewares.retry.RetryMiddleware',
 'scrapy.downloadermiddlewares.redirect.MetaRefreshMiddleware',
 'scrapy.downloadermiddlewares.httpcompression.HttpCompressionMiddleware',
 'scrapy.downloadermiddlewares.redirect.RedirectMiddleware',
 'scrapy.downloadermiddlewares.cookies.CookiesMiddleware',
 'scrapy.downloadermiddlewares.httpproxy.HttpProxyMiddleware',
 'scrapy.downloadermiddlewares.stats.DownloaderStats']
2023-09-22 16:34:58,924 - INFO - Enabled spider middlewares:
['scrapy.spidermiddlewares.httperror.HttpErrorMiddleware',
 'scrapy.spidermiddlewares.offsite.OffsiteMiddleware',
 'scrapy.spidermiddlewares.referer.RefererMiddleware',
 'scrapy.spidermiddlewares.urllength.UrlLengthMiddleware',
 'scrapy.spidermiddlewares.depth.DepthMiddleware']
2023-09-22 16:34:58,924 - INFO - Enabled item pipelines:
[]
2023-09-22 16:34:58,924 - INFO - Spider opened
2023-09-22 16:34:58,938 - INFO - Crawled 0 pages (at 0 pages/min), scraped 0 items (at 0 items/min)
2023-09-22 16:34:58,939 - INFO - Telnet console listening on 127.0.0.1:6025
2023-09-22 16:35:00,307 - DEBUG - Crawled (200) <GET https://www.ogol.com.br/equipa.php?id=2256> (referer: None)
2023-09-22 16:35:00,415 - INFO - Starting the ogol_spider
2023-09-22 16:35:00,449 - INFO - Season Matches Data was successfully scraped
2023-09-22 16:35:00,460 - INFO - Competition data was successfully scraped
2023-09-22 16:35:00,465 - INFO - Current Matches Data was successfully scraped!
2023-09-22 16:35:00,465 - DEBUG - Scraped from <200 https://www.ogol.com.br/equipa.php?id=2256>
{'season_year': '2023', 'season_matches_data': [{'competition': 'Copa Sul-Americana', 'matches_played': '10', 'wins': '7', 'draws': '1', 'losses': '2', 'goals': '17-3'}, {'competition': 'Brasileirão', 'matches_played': '23', 'wins': '7', 'draws': '7', 'losses': '9', 'goals': '27-25'}, {'competition': 'Copa do Brasil', 'matches_played': '9', 'wins': '6', 'draws': '1', 'losses': '2', 'goals': '11-6'}, {'competition': 'Campeonato Paulista ', 'matches_played': '13', 'wins': '7', 'draws': '3', 'losses': '3', 'goals': '23-10'}, {'competition': 'Total', 'matches_played': '55', 'wins': '27', 'draws': '12', 'losses': '16', 'goals': '78-44'}], 'competition_data': [{'competition': 'Campeonato Paulista 2023', 'Position': 'QF'}, {'competition': 'Campeonato Brasileiro 2023', 'Position': '13º'}, {'competition': 'Copa do Brasil 2023', 'Position': 'F'}, {'competition': 'Copa Sul-Americana 2023', 'Position': 'QF'}], 'current_matches_data': [{'date': '30/09', 'hour': '18:30', 'league': 'D1', 'home_team': 'São Paulo', 'score_vs': 'vs', 'away_team': 'Corinthians'}, {'date': '27/09', 'hour': '19:00', 'league': 'D1', 'home_team': 'São Paulo', 'score_vs': 'vs', 'away_team': 'Coritiba'}, {'date': '24/09', 'hour': '16:00', 'league': 'CB', 'home_team': 'São Paulo', 'score_vs': 'vs', 'away_team': 'Flamengo'}, {'date': '20/09', 'hour': '21:30', 'league': 'D1', 'home_team': 'São Paulo', 'score_vs': '1-2', 'away_team': 'Fortaleza'}, {'date': '17/09', 'hour': '16:00', 'league': 'CB', 'home_team': 'Flamengo', 'score_vs': '0-1', 'away_team': 'São Paulo'}, {'date': '13/09', 'hour': '21:30', 'league': 'D1', 'home_team': 'Internacional', 'score_vs': '2-1', 'away_team': 'São Paulo'}]}
2023-09-22 16:35:00,466 - INFO - ogol_spider successfully executed, data scraped!
2023-09-22 16:35:00,467 - INFO - Closing spider (finished)
2023-09-22 16:35:00,467 - INFO - Stored json feed (1 items) in: src/web_scraper/real_time_data_scraper/team_data.json
2023-09-22 16:35:00,468 - INFO - Dumping Scrapy stats:
{'downloader/request_bytes': 234,
 'downloader/request_count': 1,
 'downloader/request_method_count/GET': 1,
 'downloader/response_bytes': 52636,
 'downloader/response_count': 1,
 'downloader/response_status_count/200': 1,
 'elapsed_time_seconds': 1.52921,
 'feedexport/success_count/FileFeedStorage': 1,
 'finish_reason': 'finished',
 'finish_time': datetime.datetime(2023, 9, 22, 19, 35, 0, 467709),
 'httpcompression/response_bytes': 457058,
 'httpcompression/response_count': 1,
 'item_scraped_count': 1,
 'log_count/DEBUG': 3,
 'log_count/INFO': 16,
 'log_count/WARNING': 2,
 'response_received_count': 1,
 'scheduler/dequeued': 1,
 'scheduler/dequeued/memory': 1,
 'scheduler/enqueued': 1,
 'scheduler/enqueued/memory': 1,
 'start_time': datetime.datetime(2023, 9, 22, 19, 34, 58, 938499)}
2023-09-22 16:35:00,468 - INFO - Spider closed (finished)
2023-09-22 16:35:00,486 - INFO - Jsons successfully combined
2023-09-22 16:35:00,499 - INFO - Json data successfully processed and HTML rendered
2023-09-22 16:35:00,499 - INFO - The report was successfully generated
2023-09-22 16:35:29,049 - DEBUG - Peer did not staple an OCSP response
2023-09-22 16:35:29,049 - DEBUG - No authority access information, soft fail
2023-09-22 16:35:29,049 - DEBUG - Peer did not staple an OCSP response
2023-09-22 16:35:29,049 - DEBUG - Peer did not staple an OCSP response
2023-09-22 16:35:29,049 - DEBUG - No authority access information, soft fail
2023-09-22 16:35:29,049 - DEBUG - No authority access information, soft fail
2023-09-22 16:35:29,482 - DEBUG - Peer did not staple an OCSP response
2023-09-22 16:35:29,482 - DEBUG - No authority access information, soft fail
2023-09-22 16:35:29,482 - DEBUG - Peer did not staple an OCSP response
2023-09-22 16:35:29,482 - DEBUG - No authority access information, soft fail
2023-09-22 16:35:29,493 - DEBUG - Peer did not staple an OCSP response
2023-09-22 16:35:29,493 - DEBUG - Peer did not staple an OCSP response
2023-09-22 16:35:29,493 - DEBUG - No authority access information, soft fail
2023-09-22 16:35:29,493 - DEBUG - No authority access information, soft fail
2023-09-22 16:35:30,299 - INFO - Pinged your deployment. You successfully connected to MongoDB!
2023-09-22 16:35:30,299 - INFO - Connected to the database
2023-09-22 16:35:30,431 - INFO - Starting the ogol_spider runner
2023-09-22 16:35:30,431 - INFO - Scrapy 2.10.1 started (bot: scrapybot)
2023-09-22 16:35:30,431 - INFO - Versions: lxml 4.9.3.0, libxml2 2.10.3, cssselect 1.2.0, parsel 1.8.1, w3lib 2.1.2, Twisted 22.10.0, Python 3.11.3 (tags/v3.11.3:f3909b8, Apr  4 2023, 23:49:59) [MSC v.1934 64 bit (AMD64)], pyOpenSSL 23.2.0 (OpenSSL 3.1.2 1 Aug 2023), cryptography 41.0.3, Platform Windows-10-10.0.22621-SP0
2023-09-22 16:35:30,431 - INFO - Enabled addons:
[]
2023-09-22 16:35:30,431 - INFO - Overridden settings:
{}
2023-09-22 16:35:30,431 - DEBUG - Using reactor: twisted.internet.selectreactor.SelectReactor
2023-09-22 16:35:30,431 - INFO - Telnet Password: a5b25850d917cc03
2023-09-22 16:35:30,431 - INFO - Enabled extensions:
['scrapy.extensions.corestats.CoreStats',
 'scrapy.extensions.telnet.TelnetConsole',
 'scrapy.extensions.feedexport.FeedExporter',
 'scrapy.extensions.logstats.LogStats']
2023-09-22 16:35:30,431 - INFO - Enabled downloader middlewares:
['scrapy.downloadermiddlewares.httpauth.HttpAuthMiddleware',
 'scrapy.downloadermiddlewares.downloadtimeout.DownloadTimeoutMiddleware',
 'scrapy.downloadermiddlewares.defaultheaders.DefaultHeadersMiddleware',
 'scrapy.downloadermiddlewares.useragent.UserAgentMiddleware',
 'scrapy.downloadermiddlewares.retry.RetryMiddleware',
 'scrapy.downloadermiddlewares.redirect.MetaRefreshMiddleware',
 'scrapy.downloadermiddlewares.httpcompression.HttpCompressionMiddleware',
 'scrapy.downloadermiddlewares.redirect.RedirectMiddleware',
 'scrapy.downloadermiddlewares.cookies.CookiesMiddleware',
 'scrapy.downloadermiddlewares.httpproxy.HttpProxyMiddleware',
 'scrapy.downloadermiddlewares.stats.DownloaderStats']
2023-09-22 16:35:30,431 - INFO - Enabled spider middlewares:
['scrapy.spidermiddlewares.httperror.HttpErrorMiddleware',
 'scrapy.spidermiddlewares.offsite.OffsiteMiddleware',
 'scrapy.spidermiddlewares.referer.RefererMiddleware',
 'scrapy.spidermiddlewares.urllength.UrlLengthMiddleware',
 'scrapy.spidermiddlewares.depth.DepthMiddleware']
2023-09-22 16:35:30,431 - INFO - Enabled item pipelines:
[]
2023-09-22 16:35:30,431 - INFO - Spider opened
2023-09-22 16:35:30,431 - INFO - Crawled 0 pages (at 0 pages/min), scraped 0 items (at 0 items/min)
2023-09-22 16:35:30,447 - INFO - Telnet console listening on 127.0.0.1:6025
2023-09-22 16:35:30,448 - ERROR - An error occurred trying to run the ogol_spider: 
2023-09-22 16:35:30,449 - INFO - Jsons successfully combined
2023-09-22 16:35:30,449 - INFO - Json data successfully processed and HTML rendered
2023-09-22 16:35:30,449 - INFO - The report was successfully generated
2023-09-23 21:35:46,603 - DEBUG - Peer did not staple an OCSP response
2023-09-23 21:35:46,603 - DEBUG - Peer did not staple an OCSP response
2023-09-23 21:35:46,603 - DEBUG - Peer did not staple an OCSP response
2023-09-23 21:35:46,603 - DEBUG - No authority access information, soft fail
2023-09-23 21:35:46,603 - DEBUG - No authority access information, soft fail
2023-09-23 21:35:46,613 - DEBUG - No authority access information, soft fail
2023-09-23 21:35:47,054 - DEBUG - Peer did not staple an OCSP response
2023-09-23 21:35:47,054 - DEBUG - No authority access information, soft fail
2023-09-23 21:35:47,065 - DEBUG - Peer did not staple an OCSP response
2023-09-23 21:35:47,065 - DEBUG - Peer did not staple an OCSP response
2023-09-23 21:35:47,069 - DEBUG - No authority access information, soft fail
2023-09-23 21:35:47,070 - DEBUG - Peer did not staple an OCSP response
2023-09-23 21:35:47,070 - DEBUG - No authority access information, soft fail
2023-09-23 21:35:47,070 - DEBUG - No authority access information, soft fail
2023-09-23 21:35:47,921 - INFO - Pinged your deployment. You successfully connected to MongoDB!
2023-09-23 21:35:47,921 - INFO - Connected to the database
2023-09-23 21:35:48,104 - INFO - Starting the ogol_spider runner
2023-09-23 21:35:48,132 - INFO - Scrapy 2.10.1 started (bot: scrapybot)
2023-09-23 21:35:48,136 - INFO - Versions: lxml 4.9.3.0, libxml2 2.10.3, cssselect 1.2.0, parsel 1.8.1, w3lib 2.1.2, Twisted 22.10.0, Python 3.11.3 (tags/v3.11.3:f3909b8, Apr  4 2023, 23:49:59) [MSC v.1934 64 bit (AMD64)], pyOpenSSL 23.2.0 (OpenSSL 3.1.2 1 Aug 2023), cryptography 41.0.3, Platform Windows-10-10.0.22621-SP0
2023-09-23 21:35:48,139 - INFO - Enabled addons:
[]
2023-09-23 21:35:48,139 - INFO - Overridden settings:
{}
2023-09-23 21:35:48,139 - DEBUG - Using reactor: twisted.internet.selectreactor.SelectReactor
2023-09-23 21:35:48,147 - INFO - Telnet Password: dfb35b7d6ff8eb1b
2023-09-23 21:35:48,154 - INFO - Enabled extensions:
['scrapy.extensions.corestats.CoreStats',
 'scrapy.extensions.telnet.TelnetConsole',
 'scrapy.extensions.feedexport.FeedExporter',
 'scrapy.extensions.logstats.LogStats']
2023-09-23 21:35:48,163 - INFO - Enabled downloader middlewares:
['scrapy.downloadermiddlewares.httpauth.HttpAuthMiddleware',
 'scrapy.downloadermiddlewares.downloadtimeout.DownloadTimeoutMiddleware',
 'scrapy.downloadermiddlewares.defaultheaders.DefaultHeadersMiddleware',
 'scrapy.downloadermiddlewares.useragent.UserAgentMiddleware',
 'scrapy.downloadermiddlewares.retry.RetryMiddleware',
 'scrapy.downloadermiddlewares.redirect.MetaRefreshMiddleware',
 'scrapy.downloadermiddlewares.httpcompression.HttpCompressionMiddleware',
 'scrapy.downloadermiddlewares.redirect.RedirectMiddleware',
 'scrapy.downloadermiddlewares.cookies.CookiesMiddleware',
 'scrapy.downloadermiddlewares.httpproxy.HttpProxyMiddleware',
 'scrapy.downloadermiddlewares.stats.DownloaderStats']
2023-09-23 21:35:48,163 - INFO - Enabled spider middlewares:
['scrapy.spidermiddlewares.httperror.HttpErrorMiddleware',
 'scrapy.spidermiddlewares.offsite.OffsiteMiddleware',
 'scrapy.spidermiddlewares.referer.RefererMiddleware',
 'scrapy.spidermiddlewares.urllength.UrlLengthMiddleware',
 'scrapy.spidermiddlewares.depth.DepthMiddleware']
2023-09-23 21:35:48,163 - INFO - Enabled item pipelines:
[]
2023-09-23 21:35:48,169 - INFO - Spider opened
2023-09-23 21:35:48,170 - INFO - Crawled 0 pages (at 0 pages/min), scraped 0 items (at 0 items/min)
2023-09-23 21:35:48,170 - INFO - Telnet console listening on 127.0.0.1:6026
2023-09-23 21:35:48,179 - ERROR - An error occurred trying to run the ogol_spider: 
2023-09-23 21:35:48,203 - INFO - Jsons successfully combined
2023-09-23 21:35:48,266 - INFO - Json data successfully processed and HTML rendered
2023-09-23 21:35:48,266 - INFO - The report was successfully generated
2023-09-23 21:36:35,388 - DEBUG - Peer did not staple an OCSP response
2023-09-23 21:36:35,388 - DEBUG - No authority access information, soft fail
2023-09-23 21:36:35,388 - DEBUG - Peer did not staple an OCSP response
2023-09-23 21:36:35,388 - DEBUG - No authority access information, soft fail
2023-09-23 21:36:35,400 - DEBUG - Peer did not staple an OCSP response
2023-09-23 21:36:35,400 - DEBUG - No authority access information, soft fail
2023-09-23 21:36:35,868 - DEBUG - Peer did not staple an OCSP response
2023-09-23 21:36:35,869 - DEBUG - No authority access information, soft fail
2023-09-23 21:36:35,872 - DEBUG - Peer did not staple an OCSP response
2023-09-23 21:36:35,872 - DEBUG - No authority access information, soft fail
2023-09-23 21:36:35,872 - DEBUG - Peer did not staple an OCSP response
2023-09-23 21:36:35,872 - DEBUG - No authority access information, soft fail
2023-09-23 21:36:35,888 - DEBUG - Peer did not staple an OCSP response
2023-09-23 21:36:35,888 - DEBUG - No authority access information, soft fail
2023-09-23 21:36:36,855 - INFO - Pinged your deployment. You successfully connected to MongoDB!
2023-09-23 21:36:36,855 - INFO - Connected to the database
2023-09-23 21:36:37,080 - INFO - Starting the ogol_spider runner
2023-09-23 21:36:37,088 - INFO - Scrapy 2.10.1 started (bot: scrapybot)
2023-09-23 21:36:37,088 - INFO - Versions: lxml 4.9.3.0, libxml2 2.10.3, cssselect 1.2.0, parsel 1.8.1, w3lib 2.1.2, Twisted 22.10.0, Python 3.11.3 (tags/v3.11.3:f3909b8, Apr  4 2023, 23:49:59) [MSC v.1934 64 bit (AMD64)], pyOpenSSL 23.2.0 (OpenSSL 3.1.2 1 Aug 2023), cryptography 41.0.3, Platform Windows-10-10.0.22621-SP0
2023-09-23 21:36:37,092 - INFO - Enabled addons:
[]
2023-09-23 21:36:37,096 - INFO - Overridden settings:
{}
2023-09-23 21:36:37,096 - DEBUG - Using reactor: twisted.internet.selectreactor.SelectReactor
2023-09-23 21:36:37,096 - INFO - Telnet Password: bb0ede725b2edd8d
2023-09-23 21:36:37,096 - INFO - Enabled extensions:
['scrapy.extensions.corestats.CoreStats',
 'scrapy.extensions.telnet.TelnetConsole',
 'scrapy.extensions.feedexport.FeedExporter',
 'scrapy.extensions.logstats.LogStats']
2023-09-23 21:36:37,104 - INFO - Enabled downloader middlewares:
['scrapy.downloadermiddlewares.httpauth.HttpAuthMiddleware',
 'scrapy.downloadermiddlewares.downloadtimeout.DownloadTimeoutMiddleware',
 'scrapy.downloadermiddlewares.defaultheaders.DefaultHeadersMiddleware',
 'scrapy.downloadermiddlewares.useragent.UserAgentMiddleware',
 'scrapy.downloadermiddlewares.retry.RetryMiddleware',
 'scrapy.downloadermiddlewares.redirect.MetaRefreshMiddleware',
 'scrapy.downloadermiddlewares.httpcompression.HttpCompressionMiddleware',
 'scrapy.downloadermiddlewares.redirect.RedirectMiddleware',
 'scrapy.downloadermiddlewares.cookies.CookiesMiddleware',
 'scrapy.downloadermiddlewares.httpproxy.HttpProxyMiddleware',
 'scrapy.downloadermiddlewares.stats.DownloaderStats']
2023-09-23 21:36:37,105 - INFO - Enabled spider middlewares:
['scrapy.spidermiddlewares.httperror.HttpErrorMiddleware',
 'scrapy.spidermiddlewares.offsite.OffsiteMiddleware',
 'scrapy.spidermiddlewares.referer.RefererMiddleware',
 'scrapy.spidermiddlewares.urllength.UrlLengthMiddleware',
 'scrapy.spidermiddlewares.depth.DepthMiddleware']
2023-09-23 21:36:37,105 - INFO - Enabled item pipelines:
[]
2023-09-23 21:36:37,106 - INFO - Spider opened
2023-09-23 21:36:37,106 - INFO - Crawled 0 pages (at 0 pages/min), scraped 0 items (at 0 items/min)
2023-09-23 21:36:37,106 - INFO - Telnet console listening on 127.0.0.1:6027
2023-09-23 21:36:37,106 - ERROR - An error occurred trying to run the ogol_spider: 
2023-09-23 21:36:37,112 - INFO - Jsons successfully combined
2023-09-23 21:36:37,138 - INFO - Json data successfully processed and HTML rendered
2023-09-23 21:36:37,138 - INFO - The report was successfully generated
